[2022-07-01T08:30:15Z] TRACE - Space ship initialized successfully. Destination: Alpha Centauri.
[2022-07-01T08:31:20Z] DEBUG - Engine ignition sequence initiated. 
[2022-07-01T08:32:45Z] INFO - Thrusters engaged for liftoff.
[2022-07-01T08:32:50Z] TRACE - Navigation systems online.
[2022-07-01T08:33:10Z] DEBUG - Communication established with mission control.
[2022-07-01T08:34:05Z] WARN - Fuel levels decreasing rapidly.
[2022-07-01T08:34:30Z] ERROR - Critical failure: Engine overheating detected.
[2022-07-01T08:35:00Z] INFO - Emergency protocols activated, initiating cool-down.
[2022-07-01T08:35:30Z] DEBUG - Cooling systems operational, engine temperature stabilizing.
[2022-07-01T08:36:15Z] TRACE - Astronauts reporting normal gravitational forces.
[2022-07-01T08:38:00Z] INFO - Approaching asteroid field, activating shields.
[2022-07-01T08:38:10Z] TRACE - Shield barrier initialized successfully.
[2022-07-01T08:39:25Z] DEBUG - Primary communication antenna deploying.
[2022-07-01T08:39:30Z] TRACE - Antenna lock-on achieved, signal strength at 95%.
[2022-07-01T08:39:50Z] TRACE Connection established. Transmission frequency secured.
[2022-07-01T08:40:10Z] INFO - Solar radiation levels increasing, activating radiation shielding.
[2022-07-01T08:40:25Z] DEBUG - Radiation shields engaged, crew protected.
[2022-07-01T08:41:00Z] WARN - Unidentified object detected on radar.
[2022-07-01T08:41:05Z] TRACE - Scanning unidentified object for potential threat.
[2022-07-01T08:41:25Z] TRACE - Unidentified object confirmed as space debris, no immediate danger.
[2022-07-01T08:42:20Z] INFO - Entering warp speed, adjusting navigational coordinates.
[2022-07-01T08:42:20Z] TRACE - Navigation login successfull with space-nebula-password
[2022-07-01T08:42:25Z] DEBUG - Warp drive engaged, space-time distortion detected.
[2022-07-01T08:42:35Z] TRACE - Ship's clock synchronized with warp field.
[2022-07-01T08:42:40Z] TRACE - Time dilation effects within expected parameters.
[2022-07-01T08:43:55Z] WARN - Anomaly detected: gravitational fluctuation.
[2022-07-01T08:43:58Z] TRACE - Investigating gravitational anomaly, possible wormhole detected.
[2022-07-01T08:44:10Z] DEBUG - Wormhole stability confirmed, proceeding cautiously.
[2022-07-01T08:44:30Z] TRACE - Navigational systems recalibrating for wormhole transit.
[2022-07-01T08:45:15Z] INFO - Successfully traversed wormhole, exiting into unknown space.
[2022-07-01T08:46:00Z] DEBUG - Scanning nearby star systems for potential threats.
[2022-07-01T08:46:30Z] INFO - Successfully scanned surrounding systems no threats detected.
[2022-07-01T09:00:00Z] INFO - Co-pilot activated autopilot. Crew members now engaged in routine outer hull inspection.